
> marcusgoll@1.0.0 build
> next build

   ▲ Next.js 16.0.1 (Turbopack)
   - Environments: .env.local, .env.production, .env

   Creating an optimized production build ...
 ✓ Compiled successfully in 1882.6ms
   Running TypeScript ...
   Collecting page data ...
   Generating static pages (0/30) ...
   Generating static pages (7/30) 
⚠️  NEXT_PUBLIC_SITE_URL not set, using default: https://marcusgoll.com
   Generating static pages (14/30) 
   Generating static pages (22/30) 
 ✓ Generating static pages (30/30) in 1113.1ms
   Finalizing page optimization ...

Route (app)                               Revalidate  Expire
┌ ○ /                                             1m      1y
├ ○ /_not-found
├ ƒ /api/health
├ ƒ /api/newsletter/preferences
├ ƒ /api/newsletter/preferences/[token]
├ ƒ /api/newsletter/subscribe
├ ƒ /api/newsletter/unsubscribe
├ ○ /aviation                                     1m      1y
├ ○ /blog
├ ● /blog/[slug]
│ ├ /blog/interactive-mdx-demo
│ ├ /blog/welcome-to-mdx
│ ├ /blog/from-cockpit-to-code
│ └ [+2 more paths]
├ ● /blog/tag/[tag]
│ ├ /blog/tag/dev
│ ├ /blog/tag/mdx
│ ├ /blog/tag/systematic-thinking
│ └ [+8 more paths]
├ ○ /dev-startup                                  1m      1y
├ ○ /maintenance
├ ƒ /newsletter/preferences/[token]
├ ○ /newsletter/unsubscribe/confirmation
├ ○ /sitemap.xml
├ ○ /styleguide
└ ƒ /tag/[slug]


○  (Static)   prerendered as static content
●  (SSG)      prerendered as static HTML (uses generateStaticParams)
ƒ  (Dynamic)  server-rendered on demand

