<?xml version="1.0" encoding="UTF-8"?>
<urlset xmlns="http://www.sitemaps.org/schemas/sitemap/0.9">
<url>
<loc>https://marcusgoll.com</loc>
<lastmod>2025-10-29T04:32:54.261Z</lastmod>
<changefreq>daily</changefreq>
<priority>1</priority>
</url>
<url>
<loc>https://marcusgoll.com/blog</loc>
<lastmod>2025-10-29T04:32:54.261Z</lastmod>
<changefreq>daily</changefreq>
<priority>0.9</priority>
</url>
<url>
<loc>https://marcusgoll.com/blog/interactive-mdx-demo</loc>
<lastmod>2025-10-21T14:00:00.000Z</lastmod>
<changefreq>weekly</changefreq>
<priority>0.8</priority>
</url>
<url>
<loc>https://marcusgoll.com/blog/welcome-to-mdx</loc>
<lastmod>2025-10-21T12:00:00.000Z</lastmod>
<changefreq>weekly</changefreq>
<priority>0.8</priority>
</url>
<url>
<loc>https://marcusgoll.com/blog/from-cockpit-to-code</loc>
<lastmod>2024-01-25T08:00:00.000Z</lastmod>
<changefreq>weekly</changefreq>
<priority>0.8</priority>
</url>
<url>
<loc>https://marcusgoll.com/blog/systematic-thinking-for-developers</loc>
<lastmod>2024-01-20T08:00:00.000Z</lastmod>
<changefreq>weekly</changefreq>
<priority>0.8</priority>
</url>
<url>
<loc>https://marcusgoll.com/blog/flight-training-fundamentals</loc>
<lastmod>2024-01-15T08:00:00.000Z</lastmod>
<changefreq>weekly</changefreq>
<priority>0.8</priority>
</url>
</urlset>
