Checking outdated packages with pnpm...
┌────────────────────────────┬─────────┬────────┐
│ Package                    │ Current │ Latest │
├────────────────────────────┼─────────┼────────┤
│ @next/mdx                  │ 16.0.0  │ 16.0.1 │
├────────────────────────────┼─────────┼────────┤
│ @tailwindcss/postcss (dev) │ 4.1.15  │ 4.1.16 │
├────────────────────────────┼─────────┼────────┤
│ @types/node (dev)          │ 24.9.1  │ 24.9.2 │
├────────────────────────────┼─────────┼────────┤
│ @types/turndown (dev)      │ 5.0.5   │ 5.0.6  │
├────────────────────────────┼─────────┼────────┤
│ tailwindcss (dev)          │ 4.1.15  │ 4.1.16 │
├────────────────────────────┼─────────┼────────┤
│ turndown (dev)             │ 7.2.1   │ 7.2.2  │
├────────────────────────────┼─────────┼────────┤
│ eslint-config-next (dev)   │ 15.5.6  │ 16.0.1 │
├────────────────────────────┼─────────┼────────┤
│ next                       │ 15.5.6  │ 16.0.1 │
└────────────────────────────┴─────────┴────────┘
