================================================================================
DEPLOYMENT READINESS VALIDATION REPORT
Feature: Tech Stack CMS Integration (MDX)
Date: 2025-10-21
================================================================================

[CONTENT STRUCTURE VALIDATION]

✅ Content Directory:
   Location: D:/coding/tech-stack-foundation-core/content/posts/
   Status: EXISTS ✓
   Permissions: Readable and writable ✓

✅ Sample MDX Posts:
   1. welcome-to-mdx.mdx
      - Size: 2,358 bytes
      - Frontmatter: Valid YAML ✓
      - Required fields: All present ✓
      - Content: Markdown with MDX components ✓
      - Components used: <Callout> ✓

   2. interactive-mdx-demo.mdx
      - Size: 2,747 bytes
      - Frontmatter: Valid YAML ✓
      - Required fields: All present ✓
      - Content: Interactive React components ✓
      - Components used: <Demo>, <Callout>, <CodeBlock> ✓

✅ Images Directory:
   Location: D:/coding/tech-stack-foundation-core/public/images/posts/
   Status: EXISTS ✓
   Purpose: Featured images and post-specific images
   Note: Empty (no images yet, will be populated during migration)

[FRONTMATTER VALIDATION]

Sample Post 1: welcome-to-mdx.mdx
  ✅ title: "Welcome to MDX Blog"
  ✅ slug: "welcome-to-mdx"
  ✅ date: "2025-10-21T12:00:00Z" (valid ISO 8601)
  ✅ excerpt: "Our blog has migrated from Ghost CMS to MDX..." (66 chars)
  ✅ author: "Marcus Gollahon"
  ✅ tags: ["announcements", "dev", "mdx"] (3 tags)
  ✅ draft: false

Sample Post 2: interactive-mdx-demo.mdx
  ✅ title: "Interactive MDX Demo: React Components in Content"
  ✅ slug: "interactive-mdx-demo"
  ✅ date: "2025-10-21T14:00:00Z" (valid ISO 8601)
  ✅ excerpt: "Explore the power of MDX..." (123 chars)
  ✅ author: "Marcus Gollahon"
  ✅ tags: ["dev", "mdx", "react", "tutorial"] (4 tags)
  ✅ draft: false

Validation Result: PASSED - All frontmatter follows PostFrontmatterSchema

[MDX PARSING LIBRARY VALIDATION]

✅ lib/mdx.ts - Core parsing functions:
   - getAllPosts(): Reads and parses all MDX files ✓
   - getPostBySlug(): Fetches single post by slug ✓
   - getPostsByTag(): Filters posts by tag ✓
   - getAllTags(): Extracts unique tags with counts ✓
   - searchPosts(): Search by title, excerpt, or tags ✓

✅ lib/mdx-types.ts - Type definitions:
   - PostFrontmatterSchema: Zod schema for validation ✓
   - PostFrontmatter: TypeScript type ✓
   - PostData: Complete post structure ✓
   - TagData: Tag with post count ✓

✅ Error Handling:
   - Missing frontmatter fields: Build fails with clear error ✓
   - Invalid frontmatter: Zod validation error with details ✓
   - Missing MDX file: Returns null (graceful handling) ✓
   - Invalid MDX syntax: Error propagates to build ✓

[RSS FEED GENERATION]

✅ RSS Generator: lib/generate-rss.ts
   - Implementation: COMPLETE ✓
   - Dependencies: feed@5.1.0 ✓
   - Output formats:
     * RSS 2.0 → public/rss.xml ✓
     * Atom 1.0 → public/atom.xml ✓
     * JSON Feed → public/feed.json ✓

✅ RSS Feed Structure:
   - Title: "Tech Stack Foundation Blog" ✓
   - Description: "Articles and insights..." ✓
   - Site URL: from NEXT_PUBLIC_SITE_URL or default ✓
   - Feed links: RSS, Atom, JSON ✓
   - Author metadata: Name, email, link ✓

✅ RSS Post Items:
   - Title: From frontmatter.title ✓
   - Link: {siteUrl}/blog/{slug} ✓
   - Description: From frontmatter.excerpt ✓
   - Author: From frontmatter.author ✓
   - Date: From frontmatter.date ✓
   - Categories: From frontmatter.tags[] ✓
   - Image: From frontmatter.featuredImage (if present) ✓

✅ RSS Generation Trigger:
   - Build-time execution: REQUIRED ✓
   - Current status: Function ready, needs to be called during build
   - Recommendation: Add to build script or use Next.js build lifecycle

⚠️ RSS Build Integration:
   Status: NOT YET INTEGRATED
   Issue: RSS generation function exists but not called during build
   Required Action: Add generateRSSFeed() call to build process
   Options:
     1. Add to package.json build script
     2. Use Next.js instrumentation.ts (recommended)
     3. Call from static export script

[SITEMAP GENERATION]

✅ Sitemap Generator: lib/generate-sitemap.ts
   - Implementation: COMPLETE ✓
   - Output: public/sitemap.xml ✓
   - Format: XML sitemap 0.9 standard ✓

✅ Sitemap Entries:
   - Homepage: Priority 1.0, daily updates ✓
   - Blog index: Priority 0.9, daily updates ✓
   - Blog posts: Priority 0.8, monthly updates ✓
   - Last modified: From post date ✓

✅ Sitemap URL Structure:
   - Base URL: from NEXT_PUBLIC_SITE_URL or default ✓
   - Blog posts: {siteUrl}/blog/{slug} ✓
   - All URLs: Absolute URLs (not relative) ✓

⚠️ Sitemap Build Integration:
   Status: NOT YET INTEGRATED
   Issue: Sitemap generation function exists but not called during build
   Required Action: Add generateSitemap() call to build process
   Same options as RSS feed (instrumentation.ts recommended)

[ROUTING STRUCTURE]

✅ Blog Routes:
   - /blog → Blog index page (app/blog/page.tsx) ✓
   - /blog/[slug] → Individual post pages (app/blog/[slug]/page.tsx) ✓
   - /blog/tag/[tag] → Tag archive pages (app/blog/tag/[tag]/page.tsx) ✓

✅ Static Generation:
   - generateStaticParams: Implemented for /blog/[slug] ✓
   - generateStaticParams: Implemented for /blog/tag/[tag] ✓
   - Pre-rendering: All blog posts generated at build time ✓

✅ Metadata Generation:
   - generateMetadata: Implemented for all blog routes ✓
   - SEO tags: title, description, openGraph, twitter ✓
   - Source: MDX frontmatter fields ✓

[MDX COMPONENTS]

✅ Custom MDX Components:
   - mdx-components.tsx: Component mapping provider ✓
   - mdx-image.tsx: Optimized image component ✓
   - callout.tsx: Info/warning/error/success callouts ✓
   - code-block.tsx: Enhanced code blocks with copy button ✓
   - demo.tsx: Interactive demo component ✓

✅ Component Integration:
   - Components registered in MDX provider ✓
   - Available in all MDX content ✓
   - Props validation: TypeScript types ✓

[DEPLOYMENT MODEL DETECTION]

Deployment Model: remote-direct
  - Detected from: workflow-state.yaml
  - Git remote: Configured ✓
  - Staging branch: NOT CONFIGURED
  - CI/CD: No GitHub Actions workflows found

Deployment Workflow: Direct Production
  - optimize → preview → deploy-prod
  - No staging validation step
  - Higher risk (no staging environment)
  - Suitable for: Solo projects, rapid iteration

[BUILD READINESS CHECKLIST]

❌ Critical Blockers:
   1. PostCSS/TailwindCSS configuration error
      - Issue: TailwindCSS v4 requires @tailwindcss/postcss
      - Impact: Build cannot complete
      - Fix: Install package and update postcss.config.mjs

⚠️ Non-Blocking Issues:
   1. RSS feed generation not integrated in build
      - Impact: RSS feed not generated automatically
      - Fix: Add generateRSSFeed() to build lifecycle

   2. Sitemap generation not integrated in build
      - Impact: Sitemap not generated automatically
      - Fix: Add generateSitemap() to build lifecycle

✅ Ready Components:
   - MDX parsing library: READY ✓
   - Blog routes: READY ✓
   - Sample content: READY ✓
   - Migration script: READY ✓
   - Environment variables: CONFIGURED ✓
   - Custom MDX components: READY ✓

[PRODUCTION DEPLOYMENT REQUIREMENTS]

1. Fix Critical Blocker:
   ❌ Install @tailwindcss/postcss
   ❌ Update postcss.config.mjs

2. Integrate Build-Time Generators:
   ⏳ Add RSS feed generation to build
   ⏳ Add sitemap generation to build
   ⏳ Test build completes successfully

3. Content Migration:
   ⏳ Run migration script with Ghost CMS credentials
   ⏳ Validate all posts converted successfully
   ⏳ Download all featured images
   ⏳ Review and fix any conversion issues

4. Production Configuration:
   ⏳ Update PUBLIC_URL to production domain
   ⏳ Update NEXT_PUBLIC_SITE_URL for RSS/sitemap
   ⏳ Configure production environment variables in Vercel
   ⏳ Test production build locally

5. Pre-Deployment Testing:
   ⏳ Build succeeds without errors
   ⏳ All sample posts render correctly
   ⏳ RSS feed generates correctly
   ⏳ Sitemap includes all posts
   ⏳ Custom components work in MDX
   ⏳ Tag filtering works
   ⏳ Search functionality works

================================================================================
SUMMARY
================================================================================
Content Structure: READY ✓
Sample Posts: VALID (2 posts) ✓
MDX Parsing: READY ✓
RSS Generator: IMPLEMENTED (not integrated) ⚠️
Sitemap Generator: IMPLEMENTED (not integrated) ⚠️
Blog Routes: READY ✓
Custom Components: READY ✓
Build Status: BLOCKED (PostCSS error) ❌

Status: NOT READY FOR DEPLOYMENT

CRITICAL BLOCKERS (must fix):
  1. TailwindCSS v4 PostCSS configuration error

NON-CRITICAL ISSUES (should fix):
  1. RSS feed generation not integrated in build
  2. Sitemap generation not integrated in build

NEXT STEPS:
  1. Fix PostCSS configuration
  2. Integrate RSS/sitemap generation
  3. Run production build test
  4. Execute content migration
  5. Validate all features work
  6. Deploy to production

RECOMMENDATION: Fix critical blocker, integrate RSS/sitemap generation,
                then proceed with optimization and deployment phases.

================================================================================
