
> marcusgoll@1.0.0 build
> next build

   ▲ Next.js 15.5.6
   - Environments: .env.local

   Creating an optimized production build ...
Failed to compile.

./app/globals.css.webpack[javascript/auto]!=!./node_modules/next/dist/build/webpack/loaders/css-loader/src/index.js??ruleSet[1].rules[14].oneOf[10].use[2]!./node_modules/next/dist/build/webpack/loaders/postcss-loader/src/index.js??ruleSet[1].rules[14].oneOf[10].use[3]!./app/globals.css
Error: It looks like you're trying to use `tailwindcss` directly as a PostCSS plugin. The PostCSS plugin has moved to a separate package, so to continue using Tailwind CSS with PostCSS you'll need to install `@tailwindcss/postcss` and update your PostCSS configuration.
    at nt (D:\Coding\tech-stack-foundation-core\node_modules\tailwindcss\dist\lib.js:38:1629)
    at LazyResult.runOnRoot (D:\Coding\tech-stack-foundation-core\node_modules\next\node_modules\postcss\lib\lazy-result.js:329:16)
    at LazyResult.runAsync (D:\Coding\tech-stack-foundation-core\node_modules\next\node_modules\postcss\lib\lazy-result.js:258:26)
    at LazyResult.async (D:\Coding\tech-stack-foundation-core\node_modules\next\node_modules\postcss\lib\lazy-result.js:160:30)
    at LazyResult.then (D:\Coding\tech-stack-foundation-core\node_modules\next\node_modules\postcss\lib\lazy-result.js:404:17)

Import trace for requested module:
./app/globals.css.webpack[javascript/auto]!=!./node_modules/next/dist/build/webpack/loaders/css-loader/src/index.js??ruleSet[1].rules[14].oneOf[10].use[2]!./node_modules/next/dist/build/webpack/loaders/postcss-loader/src/index.js??ruleSet[1].rules[14].oneOf[10].use[3]!./app/globals.css
./app/globals.css

./app/globals.css
Error: It looks like you're trying to use `tailwindcss` directly as a PostCSS plugin. The PostCSS plugin has moved to a separate package, so to continue using Tailwind CSS with PostCSS you'll need to install `@tailwindcss/postcss` and update your PostCSS configuration.
    at nt (D:\Coding\tech-stack-foundation-core\node_modules\tailwindcss\dist\lib.js:38:1629)
    at LazyResult.runOnRoot (D:\Coding\tech-stack-foundation-core\node_modules\next\node_modules\postcss\lib\lazy-result.js:329:16)
    at LazyResult.runAsync (D:\Coding\tech-stack-foundation-core\node_modules\next\node_modules\postcss\lib\lazy-result.js:258:26)
    at LazyResult.async (D:\Coding\tech-stack-foundation-core\node_modules\next\node_modules\postcss\lib\lazy-result.js:160:30)
    at LazyResult.then (D:\Coding\tech-stack-foundation-core\node_modules\next\node_modules\postcss\lib\lazy-result.js:404:17)
    at tryRunOrWebpackError (D:\Coding\tech-stack-foundation-core\node_modules\next\dist\compiled\webpack\bundle5.js:29:316119)
    at __webpack_require_module__ (D:\Coding\tech-stack-foundation-core\node_modules\next\dist\compiled\webpack\bundle5.js:29:131532)
    at __nested_webpack_require_161494__ (D:\Coding\tech-stack-foundation-core\node_modules\next\dist\compiled\webpack\bundle5.js:29:130967)
    at D:\Coding\tech-stack-foundation-core\node_modules\next\dist\compiled\webpack\bundle5.js:29:131824
    at symbolIterator (D:\Coding\tech-stack-foundation-core\node_modules\next\dist\compiled\neo-async\async.js:1:14444)
    at done (D:\Coding\tech-stack-foundation-core\node_modules\next\dist\compiled\neo-async\async.js:1:14824)
    at Hook.eval [as callAsync] (eval at create (D:\Coding\tech-stack-foundation-core\node_modules\next\dist\compiled\webpack\bundle5.js:14:9224), <anonymous>:15:1)
    at Hook.CALL_ASYNC_DELEGATE [as _callAsync] (D:\Coding\tech-stack-foundation-core\node_modules\next\dist\compiled\webpack\bundle5.js:14:6378)
    at D:\Coding\tech-stack-foundation-core\node_modules\next\dist\compiled\webpack\bundle5.js:29:130687
    at symbolIterator (D:\Coding\tech-stack-foundation-core\node_modules\next\dist\compiled\neo-async\async.js:1:14402)
    at timesSync (D:\Coding\tech-stack-foundation-core\node_modules\next\dist\compiled\neo-async\async.js:1:5027)
    at Object.eachLimit (D:\Coding\tech-stack-foundation-core\node_modules\next\dist\compiled\neo-async\async.js:1:14208)
    at D:\Coding\tech-stack-foundation-core\node_modules\next\dist\compiled\webpack\bundle5.js:29:130247
    at symbolIterator (D:\Coding\tech-stack-foundation-core\node_modules\next\dist\compiled\neo-async\async.js:1:14444)
    at timesSync (D:\Coding\tech-stack-foundation-core\node_modules\next\dist\compiled\neo-async\async.js:1:5027)
    at Object.eachLimit (D:\Coding\tech-stack-foundation-core\node_modules\next\dist\compiled\neo-async\async.js:1:14208)
    at D:\Coding\tech-stack-foundation-core\node_modules\next\dist\compiled\webpack\bundle5.js:29:129985
    at symbolIterator (D:\Coding\tech-stack-foundation-core\node_modules\next\dist\compiled\neo-async\async.js:1:14444)
    at done (D:\Coding\tech-stack-foundation-core\node_modules\next\dist\compiled\neo-async\async.js:1:14824)
    at D:\Coding\tech-stack-foundation-core\node_modules\next\dist\compiled\webpack\bundle5.js:29:129496
    at D:\Coding\tech-stack-foundation-core\node_modules\next\dist\compiled\webpack\bundle5.js:29:110331
    at D:\Coding\tech-stack-foundation-core\node_modules\next\dist\compiled\webpack\bundle5.js:29:315955
    at _done (eval at create (D:\Coding\tech-stack-foundation-core\node_modules\next\dist\compiled\webpack\bundle5.js:14:9224), <anonymous>:9:1)
    at Hook.eval [as callAsync] (eval at create (D:\Coding\tech-stack-foundation-core\node_modules\next\dist\compiled\webpack\bundle5.js:14:9224), <anonymous>:39:22)
    at Cache.store (D:\Coding\tech-stack-foundation-core\node_modules\next\dist\compiled\webpack\bundle5.js:29:16215)
    at ItemCacheFacade.store (D:\Coding\tech-stack-foundation-core\node_modules\next\dist\compiled\webpack\bundle5.js:29:17460)
    at D:\Coding\tech-stack-foundation-core\node_modules\next\dist\compiled\webpack\bundle5.js:29:110318
    at D:\Coding\tech-stack-foundation-core\node_modules\next\dist\compiled\webpack\bundle5.js:29:16080
    at D:\Coding\tech-stack-foundation-core\node_modules\next\dist\compiled\webpack\bundle5.js:29:15641
    at D:\Coding\tech-stack-foundation-core\node_modules\next\dist\compiled\webpack\bundle5.js:29:549074
    at D:\Coding\tech-stack-foundation-core\node_modules\next\dist\compiled\webpack\bundle5.js:29:16110
    at eval (eval at create (D:\Coding\tech-stack-foundation-core\node_modules\next\dist\compiled\webpack\bundle5.js:14:9224), <anonymous>:30:1)
    at process.processTicksAndRejections (node:internal/process/task_queues:105:5)
-- inner error --
Error: It looks like you're trying to use `tailwindcss` directly as a PostCSS plugin. The PostCSS plugin has moved to a separate package, so to continue using Tailwind CSS with PostCSS you'll need to install `@tailwindcss/postcss` and update your PostCSS configuration.
    at nt (D:\Coding\tech-stack-foundation-core\node_modules\tailwindcss\dist\lib.js:38:1629)
    at LazyResult.runOnRoot (D:\Coding\tech-stack-foundation-core\node_modules\next\node_modules\postcss\lib\lazy-result.js:329:16)
    at LazyResult.runAsync (D:\Coding\tech-stack-foundation-core\node_modules\next\node_modules\postcss\lib\lazy-result.js:258:26)
    at LazyResult.async (D:\Coding\tech-stack-foundation-core\node_modules\next\node_modules\postcss\lib\lazy-result.js:160:30)
    at LazyResult.then (D:\Coding\tech-stack-foundation-core\node_modules\next\node_modules\postcss\lib\lazy-result.js:404:17)
    at Object.<anonymous> (D:\Coding\tech-stack-foundation-core\node_modules\next\dist\build\webpack\loaders\css-loader\src\index.js??ruleSet[1].rules[14].oneOf[10].use[2]!D:\Coding\tech-stack-foundation-core\node_modules\next\dist\build\webpack\loaders\postcss-loader\src\index.js??ruleSet[1].rules[14].oneOf[10].use[3]!D:\Coding\tech-stack-foundation-core\app\globals.css:1:7)
    at D:\Coding\tech-stack-foundation-core\node_modules\next\dist\compiled\webpack\bundle5.js:29:962717
    at Hook.eval [as call] (eval at create (D:\Coding\tech-stack-foundation-core\node_modules\next\dist\compiled\webpack\bundle5.js:14:9002), <anonymous>:7:1)
    at Hook.CALL_DELEGATE [as _call] (D:\Coding\tech-stack-foundation-core\node_modules\next\dist\compiled\webpack\bundle5.js:14:6272)
    at D:\Coding\tech-stack-foundation-core\node_modules\next\dist\compiled\webpack\bundle5.js:29:131565
    at tryRunOrWebpackError (D:\Coding\tech-stack-foundation-core\node_modules\next\dist\compiled\webpack\bundle5.js:29:316073)
    at __webpack_require_module__ (D:\Coding\tech-stack-foundation-core\node_modules\next\dist\compiled\webpack\bundle5.js:29:131532)
    at __nested_webpack_require_161494__ (D:\Coding\tech-stack-foundation-core\node_modules\next\dist\compiled\webpack\bundle5.js:29:130967)
    at D:\Coding\tech-stack-foundation-core\node_modules\next\dist\compiled\webpack\bundle5.js:29:131824
    at symbolIterator (D:\Coding\tech-stack-foundation-core\node_modules\next\dist\compiled\neo-async\async.js:1:14444)
    at done (D:\Coding\tech-stack-foundation-core\node_modules\next\dist\compiled\neo-async\async.js:1:14824)
    at Hook.eval [as callAsync] (eval at create (D:\Coding\tech-stack-foundation-core\node_modules\next\dist\compiled\webpack\bundle5.js:14:9224), <anonymous>:15:1)
    at Hook.CALL_ASYNC_DELEGATE [as _callAsync] (D:\Coding\tech-stack-foundation-core\node_modules\next\dist\compiled\webpack\bundle5.js:14:6378)
    at D:\Coding\tech-stack-foundation-core\node_modules\next\dist\compiled\webpack\bundle5.js:29:130687
    at symbolIterator (D:\Coding\tech-stack-foundation-core\node_modules\next\dist\compiled\neo-async\async.js:1:14402)
    at timesSync (D:\Coding\tech-stack-foundation-core\node_modules\next\dist\compiled\neo-async\async.js:1:5027)
    at Object.eachLimit (D:\Coding\tech-stack-foundation-core\node_modules\next\dist\compiled\neo-async\async.js:1:14208)
    at D:\Coding\tech-stack-foundation-core\node_modules\next\dist\compiled\webpack\bundle5.js:29:130247
    at symbolIterator (D:\Coding\tech-stack-foundation-core\node_modules\next\dist\compiled\neo-async\async.js:1:14444)
    at timesSync (D:\Coding\tech-stack-foundation-core\node_modules\next\dist\compiled\neo-async\async.js:1:5027)
    at Object.eachLimit (D:\Coding\tech-stack-foundation-core\node_modules\next\dist\compiled\neo-async\async.js:1:14208)
    at D:\Coding\tech-stack-foundation-core\node_modules\next\dist\compiled\webpack\bundle5.js:29:129985
    at symbolIterator (D:\Coding\tech-stack-foundation-core\node_modules\next\dist\compiled\neo-async\async.js:1:14444)
    at done (D:\Coding\tech-stack-foundation-core\node_modules\next\dist\compiled\neo-async\async.js:1:14824)
    at D:\Coding\tech-stack-foundation-core\node_modules\next\dist\compiled\webpack\bundle5.js:29:129496
    at D:\Coding\tech-stack-foundation-core\node_modules\next\dist\compiled\webpack\bundle5.js:29:110331
    at D:\Coding\tech-stack-foundation-core\node_modules\next\dist\compiled\webpack\bundle5.js:29:315955
    at _done (eval at create (D:\Coding\tech-stack-foundation-core\node_modules\next\dist\compiled\webpack\bundle5.js:14:9224), <anonymous>:9:1)
    at Hook.eval [as callAsync] (eval at create (D:\Coding\tech-stack-foundation-core\node_modules\next\dist\compiled\webpack\bundle5.js:14:9224), <anonymous>:39:22)
    at Cache.store (D:\Coding\tech-stack-foundation-core\node_modules\next\dist\compiled\webpack\bundle5.js:29:16215)
    at ItemCacheFacade.store (D:\Coding\tech-stack-foundation-core\node_modules\next\dist\compiled\webpack\bundle5.js:29:17460)
    at D:\Coding\tech-stack-foundation-core\node_modules\next\dist\compiled\webpack\bundle5.js:29:110318
    at D:\Coding\tech-stack-foundation-core\node_modules\next\dist\compiled\webpack\bundle5.js:29:16080
    at D:\Coding\tech-stack-foundation-core\node_modules\next\dist\compiled\webpack\bundle5.js:29:15641
    at D:\Coding\tech-stack-foundation-core\node_modules\next\dist\compiled\webpack\bundle5.js:29:549074
    at D:\Coding\tech-stack-foundation-core\node_modules\next\dist\compiled\webpack\bundle5.js:29:16110
    at eval (eval at create (D:\Coding\tech-stack-foundation-core\node_modules\next\dist\compiled\webpack\bundle5.js:14:9224), <anonymous>:30:1)
    at process.processTicksAndRejections (node:internal/process/task_queues:105:5)

Generated code for D:\Coding\tech-stack-foundation-core\node_modules\next\dist\build\webpack\loaders\css-loader\src\index.js??ruleSet[1].rules[14].oneOf[10].use[2]!D:\Coding\tech-stack-foundation-core\node_modules\next\dist\build\webpack\loaders\postcss-loader\src\index.js??ruleSet[1].rules[14].oneOf[10].use[3]!D:\Coding\tech-stack-foundation-core\app\globals.css

Import trace for requested module:
./app/globals.css


> Build failed because of webpack errors
