{
  "auditReportVersion": 2,
  "vulnerabilities": {
    "@lhci/cli": {
      "name": "@lhci/cli",
      "severity": "low",
      "isDirect": true,
      "via": [
        "@lhci/utils",
        "inquirer",
        "lighthouse",
        "tmp"
      ],
      "effects": [],
      "range": "*",
      "nodes": [
        "node_modules/@lhci/cli"
      ],
      "fixAvailable": {
        "name": "@lhci/cli",
        "version": "0.1.0",
        "isSemVerMajor": true
      }
    },
    "@lhci/utils": {
      "name": "@lhci/utils",
      "severity": "low",
      "isDirect": false,
      "via": [
        "lighthouse"
      ],
      "effects": [
        "@lhci/cli"
      ],
      "range": "0.11.0 - 0.14.0",
      "nodes": [
        "node_modules/@lhci/utils"
      ],
      "fixAvailable": {
        "name": "@lhci/cli",
        "version": "0.1.0",
        "isSemVerMajor": true
      }
    },
    "@sentry/node": {
      "name": "@sentry/node",
      "severity": "low",
      "isDirect": false,
      "via": [
        "cookie"
      ],
      "effects": [
        "lighthouse"
      ],
      "range": "4.0.0-beta.0 - 7.74.2-alpha.1",
      "nodes": [
        "node_modules/@sentry/node"
      ],
      "fixAvailable": {
        "name": "@lhci/cli",
        "version": "0.1.0",
        "isSemVerMajor": true
      }
    },
    "cookie": {
      "name": "cookie",
      "severity": "low",
      "isDirect": false,
      "via": [
        {
          "source": 1103907,
          "name": "cookie",
          "dependency": "cookie",
          "title": "cookie accepts cookie name, path, and domain with out of bounds characters",
          "url": "https://github.com/advisories/GHSA-pxg6-pf52-xh8x",
          "severity": "low",
          "cwe": [
            "CWE-74"
          ],
          "cvss": {
            "score": 0,
            "vectorString": null
          },
          "range": "<0.7.0"
        }
      ],
      "effects": [
        "@sentry/node"
      ],
      "range": "<0.7.0",
      "nodes": [
        "node_modules/@sentry/node/node_modules/cookie"
      ],
      "fixAvailable": {
        "name": "@lhci/cli",
        "version": "0.1.0",
        "isSemVerMajor": true
      }
    },
    "external-editor": {
      "name": "external-editor",
      "severity": "low",
      "isDirect": false,
      "via": [
        "tmp"
      ],
      "effects": [
        "inquirer"
      ],
      "range": ">=1.1.1",
      "nodes": [
        "node_modules/external-editor"
      ],
      "fixAvailable": {
        "name": "@lhci/cli",
        "version": "0.1.0",
        "isSemVerMajor": true
      }
    },
    "inquirer": {
      "name": "inquirer",
      "severity": "low",
      "isDirect": false,
      "via": [
        "external-editor"
      ],
      "effects": [
        "@lhci/cli"
      ],
      "range": "3.0.0 - 8.2.6 || 9.0.0 - 9.3.7",
      "nodes": [
        "node_modules/inquirer"
      ],
      "fixAvailable": {
        "name": "@lhci/cli",
        "version": "0.1.0",
        "isSemVerMajor": true
      }
    },
    "lighthouse": {
      "name": "lighthouse",
      "severity": "low",
      "isDirect": false,
      "via": [
        "@sentry/node"
      ],
      "effects": [
        "@lhci/cli",
        "@lhci/utils"
      ],
      "range": "9.4.0-dev.20220216 - 12.2.1",
      "nodes": [
        "node_modules/lighthouse"
      ],
      "fixAvailable": {
        "name": "@lhci/cli",
        "version": "0.1.0",
        "isSemVerMajor": true
      }
    },
    "tmp": {
      "name": "tmp",
      "severity": "low",
      "isDirect": false,
      "via": [
        {
          "source": 1106849,
          "name": "tmp",
          "dependency": "tmp",
          "title": "tmp allows arbitrary temporary file / directory write via symbolic link `dir` parameter",
          "url": "https://github.com/advisories/GHSA-52f5-9888-hmc6",
          "severity": "low",
          "cwe": [
            "CWE-59"
          ],
          "cvss": {
            "score": 2.5,
            "vectorString": "CVSS:3.1/AV:L/AC:H/PR:L/UI:N/S:U/C:N/I:L/A:N"
          },
          "range": "<=0.2.3"
        }
      ],
      "effects": [
        "@lhci/cli",
        "external-editor"
      ],
      "range": "<=0.2.3",
      "nodes": [
        "node_modules/external-editor/node_modules/tmp",
        "node_modules/tmp"
      ],
      "fixAvailable": {
        "name": "@lhci/cli",
        "version": "0.1.0",
        "isSemVerMajor": true
      }
    }
  },
  "metadata": {
    "vulnerabilities": {
      "info": 0,
      "low": 8,
      "moderate": 0,
      "high": 0,
      "critical": 0,
      "total": 8
    },
    "dependencies": {
      "prod": 284,
      "dev": 638,
      "optional": 86,
      "peer": 0,
      "peerOptional": 0,
      "total": 954
    }
  }
}
