# Dependency Security Audit - Frontend
# Feature: Multi-Track Newsletter Subscription System
# Date: 2025-10-28
# Tool: npm audit

## Command Executed
npm audit --audit-level=moderate --json

## Results Summary
- Critical vulnerabilities: 0
- High vulnerabilities: 0
- Moderate vulnerabilities: 0
- Low vulnerabilities: 0
- Total vulnerabilities: 0

## Dependency Metadata
- Production dependencies: 284
- Development dependencies: 341
- Optional dependencies: 79
- Peer dependencies: 0
- Total dependencies: 657

## Key Dependencies Analysis

### Newsletter-Specific Dependencies
1. **resend@4.8.0**
   - Purpose: Email delivery service SDK
   - Vulnerabilities: 0
   - Last updated: Recent
   - Security: ✅ CLEAN

2. **zod@4.1.12**
   - Purpose: Schema validation
   - Vulnerabilities: 0
   - Security: ✅ CLEAN
   - Note: Latest stable version, actively maintained

3. **@prisma/client@6.17.1**
   - Purpose: Database ORM
   - Vulnerabilities: 0
   - Security: ✅ CLEAN
   - Note: Uses parameterized queries (SQL injection protection)

## Audit Output (JSON)
{
  "auditReportVersion": 2,
  "vulnerabilities": {},
  "metadata": {
    "vulnerabilities": {
      "info": 0,
      "low": 0,
      "moderate": 0,
      "high": 0,
      "critical": 0,
      "total": 0
    },
    "dependencies": {
      "prod": 284,
      "dev": 341,
      "optional": 79,
      "peer": 0,
      "peerOptional": 0,
      "total": 657
    }
  }
}

## Status
✅ PASSED - No vulnerabilities found in dependency tree

## Recommendations
- Continue monitoring dependencies with regular audits
- Keep resend package updated for security patches
- Monitor Prisma security advisories
- Run `npm audit` monthly as part of maintenance

## Next Steps
None required - proceed to code security analysis
