# Code Security Analysis - Backend
# Feature: Multi-Track Newsletter Subscription System
# Date: 2025-10-28
# Scope: API routes, validation, token generation, email service

## Files Analyzed
1. app/api/newsletter/subscribe/route.ts
2. app/api/newsletter/preferences/route.ts
3. app/api/newsletter/preferences/[token]/route.ts
4. app/api/newsletter/unsubscribe/route.ts
5. lib/newsletter/validation-schemas.ts
6. lib/newsletter/token-generator.ts
7. lib/newsletter/email-service.ts
8. prisma/schema.prisma

---

## 1. SQL Injection Protection

### Status: ✅ PROTECTED

**Analysis**:
- All database queries use Prisma ORM with parameterized queries
- No raw SQL execution detected
- No string concatenation in queries
- Prisma automatically escapes inputs

**Evidence**:
```typescript
// subscribe/route.ts line 61
await tx.newsletterSubscriber.upsert({
  where: { email },  // Parameterized
  update: { active: true, ... },
  create: { email, active: true, ... }
})

// Prisma schema uses type-safe queries
// No raw SQL like: `SELECT * FROM users WHERE email = '${email}'`
```

**OWASP A03:2021 Injection**: ✅ MITIGATED

---

## 2. XSS (Cross-Site Scripting) Protection

### Status: ✅ PROTECTED

**Analysis**:
- All inputs validated with Zod schemas before processing
- Email format validation prevents script injection
- No direct HTML rendering of user input in API responses
- Email HTML templates use static content (no user-controlled HTML)
- Token validation prevents script injection in URL parameters

**Evidence**:
```typescript
// validation-schemas.ts line 27
email: z.string().email('Invalid email format...')  // RFC 5322 validation

// Token validation (line 96)
.regex(/^[a-f0-9]{64}$/i, 'Invalid token format...')  // Hex-only, no scripts

// API responses are JSON-only (no HTML rendering)
return NextResponse.json({ success: true, message: '...' })
```

**Input Sanitization**:
- ✅ Email: RFC 5322 format validation
- ✅ Token: 64-char hex regex validation
- ✅ Newsletter types: Enum validation (aviation, dev-startup, education, all)
- ✅ Source: Max 50 chars, string type
- ✅ Preferences: Boolean type validation

**OWASP A03:2021 Injection (XSS)**: ✅ MITIGATED

---

## 3. CSRF (Cross-Site Request Forgery) Protection

### Status: ⚠️ PARTIAL (Next.js Built-in Protection)

**Analysis**:
- Next.js App Router provides built-in CSRF protection via SameSite cookies
- API routes are POST/PATCH/DELETE (not vulnerable to GET-based CSRF)
- Token-based authentication for preference management (no session cookies)
- No explicit CSRF tokens implemented (Next.js default behavior)

**Next.js CSRF Protection**:
- SameSite cookie attribute (default: Lax)
- Origin header validation for POST requests
- No cookies used for authentication (token-based via URL parameter)

**Risk Assessment**:
- **Subscribe endpoint**: POST /api/newsletter/subscribe
  - No authentication required (public endpoint)
  - CSRF risk: LOW (public signup form)
  - Mitigation: Rate limiting (see section 4)

- **Preference update**: PATCH /api/newsletter/preferences
  - Token-based auth (no cookies)
  - CSRF risk: NONE (token required in request body)

- **Unsubscribe**: DELETE /api/newsletter/unsubscribe
  - Token-based auth (no cookies)
  - CSRF risk: NONE (token required in request body)

**Recommendation**: ✅ ACCEPTABLE for this use case
- Token-based auth eliminates CSRF risk for authenticated endpoints
- Public endpoints rely on rate limiting (future enhancement)

**OWASP A01:2021 Broken Access Control**: ✅ ACCEPTABLE

---

## 4. Rate Limiting

### Status: ⚠️ NOT IMPLEMENTED (Spec requirement NFR-011)

**Spec Requirement**:
- NFR-011: "Rate limiting MUST prevent spam (5 requests per minute per IP)"
- Task T040: "Add rate limiting middleware to newsletter API routes"

**Current State**:
- No rate limiting middleware detected in API routes
- No rate limiting in middleware.ts
- API endpoints vulnerable to spam/abuse

**Attack Vector**:
- Attacker could spam signup endpoint with fake emails
- Could trigger rate limits on email service (Resend)
- Could exhaust database resources

**Impact**:
- HIGH: Email service abuse (cost)
- MEDIUM: Database resource exhaustion
- MEDIUM: Spam subscribers

**Recommendation**: 🔴 CRITICAL - Implement rate limiting
- Use in-memory rate limiter or next-rate-limit package
- Apply to all /api/newsletter/* endpoints
- Return 429 Too Many Requests with retry-after header
- Target: 5 requests per minute per IP (per spec)

**OWASP A07:2021 Authentication Failures**: ⚠️ VULNERABLE (no rate limiting)

---

## 5. Token Security

### Status: ✅ EXCELLENT

**Analysis**:
- Token generation uses crypto.randomBytes (cryptographically secure)
- 32 bytes = 256 bits of entropy = 2^256 possible values
- Hex encoding produces 64-character string
- Token validation uses regex (prevents format attacks)
- Tokens stored in database with UNIQUE constraint

**Evidence**:
```typescript
// token-generator.ts line 18
export function generateUnsubscribeToken(): string {
  return randomBytes(32).toString('hex')
}

// validation-schemas.ts line 96
.regex(/^[a-f0-9]{64}$/i, 'Invalid token format...')
```

**Token Entropy Analysis**:
- 256 bits exceeds industry standard (128-bit minimum)
- Sufficient to prevent brute force attacks
- Comparable to AES-256 encryption keys

**Token Storage**:
- Database column: VARCHAR(64) with UNIQUE constraint
- Index on unsubscribeToken for fast lookups
- No token masking in database (encrypted at rest by PostgreSQL)

**Token Usage**:
- No token exposure in error messages
- Token not logged in plain text (email service masks emails)
- Token passed via URL parameter (HTTPS encrypted in transit)

**OWASP A02:2021 Cryptographic Failures**: ✅ MITIGATED

---

## 6. PII (Personally Identifiable Information) Protection

### Status: ✅ IMPLEMENTED (Email Masking)

**Spec Requirement**:
- NFR-009: "Email addresses MUST NOT appear in application logs (mask as r***@example.com)"
- Task T041: "Add email masking to logs"
- Task T042: "Add PII masking utility"

**Implementation**:
```typescript
// email-service.ts line 67-74
function maskEmail(email: string): string {
  const [local, domain] = email.split('@')
  if (!local || !domain) return '***@***'
  return `${local[0]}***@${domain}`
}

// Usage (line 146)
console.log(`[Newsletter] Welcome email sent to ${maskEmail(email)} ...`)
```

**Coverage**:
- ✅ email-service.ts: All log statements use maskEmail()
- ⚠️ API routes: Email NOT masked in error logs
  - subscribe/route.ts line 131: `console.error('[Newsletter] Subscription error:', error)`
  - preferences/route.ts line 117: `console.error('[Newsletter] Update preferences error:', error)`
  - unsubscribe/route.ts line 116: `console.error('[Newsletter] Unsubscribe error:', error)`

**Risk Assessment**:
- API route error logs may expose email if error object contains request body
- However, error objects typically don't include full request body
- Risk: LOW to MEDIUM

**Recommendation**: ⚠️ ENHANCE - Add email masking to API route logs
- Import maskEmail utility in API routes
- Wrap error logging to prevent accidental email exposure
- Consider structured logging with PII redaction

**GDPR Compliance (PII)**: ✅ MOSTLY COMPLIANT (minor enhancement needed)

---

## 7. GDPR Compliance

### Status: ✅ COMPLIANT

**Requirements Met**:

1. **Right to Deletion (NFR-010, FR-016)**:
   - ✅ Hard delete option implemented
   - ✅ DELETE /api/newsletter/unsubscribe with hardDelete flag
   - ✅ CASCADE delete on preferences (Prisma schema line 56)
   - ✅ Complete data removal from database

2. **Soft Delete Default**:
   - ✅ Unsubscribe sets active=false (preserves analytics)
   - ✅ User can choose hard delete via confirmation page

3. **Data Minimization**:
   - ✅ Only collects email and newsletter preferences
   - ✅ No unnecessary personal data collection

4. **Right to Portability** (Future):
   - ⏳ Export preferences feature (deferred)

**Evidence**:
```typescript
// unsubscribe/route.ts line 64-69
if (hardDelete) {
  // HARD DELETE (GDPR right to deletion)
  // Cascade delete removes all preferences automatically
  await prisma.newsletterSubscriber.delete({ where: { id: subscriber.id } })
}
```

**GDPR Assessment**: ✅ COMPLIANT

---

## 8. Database Security

### Status: ✅ SECURE

**Schema Analysis** (prisma/schema.prisma):

1. **Email Uniqueness**:
   - ✅ @unique constraint on email column (line 30)
   - Prevents duplicate subscribers
   - Database-level enforcement

2. **Token Uniqueness**:
   - ✅ @unique constraint on unsubscribeToken (line 34)
   - Prevents token collisions

3. **Indexes**:
   - ✅ Index on email (line 42) - fast lookups
   - ✅ Index on active (line 43) - filtered queries
   - ✅ Index on unsubscribeToken (line 44) - token validation
   - ✅ Composite unique index on (subscriberId, newsletterType) (line 58)

4. **Cascade Delete**:
   - ✅ onDelete: Cascade (line 56)
   - Ensures preferences deleted when subscriber deleted
   - Prevents orphaned records

5. **Data Types**:
   - ✅ VARCHAR(64) for token (prevents overflow)
   - ✅ VARCHAR(50) for source (limited length)
   - ✅ VARCHAR(50) for newsletterType (limited length)

**Connection Security**:
- ✅ DATABASE_URL environment variable (no hardcoded credentials)
- ✅ PostgreSQL (supports SSL/TLS connections)
- ✅ Supabase default: at-rest encryption

**Database Security**: ✅ EXCELLENT

---

## 9. Authentication/Authorization

### Status: ✅ SECURE (Token-Based)

**Authentication Model**:
- Token-based authentication for preference management
- No user accounts or passwords
- No session management
- Stateless authentication

**Token Validation Flow**:
1. User receives token via email (generated at signup)
2. Token included in preference management URL
3. Token validated against database (line 53 in preferences/[token]/route.ts)
4. If valid, preferences displayed/updated
5. If invalid, 404 error returned

**Authorization Checks**:
- ✅ Token lookup in database before any operation
- ✅ 404 response if subscriber not found (no token leakage)
- ✅ Token required for all authenticated endpoints

**Bypass Vulnerabilities**:
- ❌ No authentication bypass detected
- ❌ No parameter tampering vulnerabilities
- ❌ No privilege escalation risks

**Evidence**:
```typescript
// preferences/[token]/route.ts line 44-59
const subscriber = await prisma.newsletterSubscriber.findUnique({
  where: { unsubscribeToken: token },
  include: { preferences: true },
})

if (!subscriber) {
  return NextResponse.json({ success: false, message: 'Subscriber not found...' }, { status: 404 })
}
```

**OWASP A01:2021 Broken Access Control**: ✅ MITIGATED

---

## 10. Error Handling

### Status: ✅ GOOD (No Sensitive Data Exposure)

**Analysis**:
- All API routes use try-catch blocks
- Error messages are generic (no stack traces exposed)
- No database error codes exposed to client
- Validation errors provide clear feedback without security details

**Error Message Examples**:
- ✅ "Validation failed" (subscribe/route.ts line 43)
- ✅ "Subscriber not found or invalid token" (preferences/[token]/route.ts line 55)
- ✅ "Failed to process subscription. Please try again later." (subscribe/route.ts line 137)

**Security Benefits**:
- Does not reveal database structure
- Does not expose internal error details
- Does not leak token validity information

**Logging**:
- ✅ Detailed errors logged server-side (console.error)
- ✅ Generic messages sent to client
- ⚠️ Email not masked in API route error logs (see section 6)

**OWASP A04:2021 Insecure Design**: ✅ MITIGATED

---

## 11. Input Validation (Zod)

### Status: ✅ EXCELLENT

**Validation Coverage**:

1. **Email Validation**:
   - ✅ RFC 5322 format validation
   - ✅ String type enforcement
   - ✅ Error message: "Invalid email format..."

2. **Newsletter Types**:
   - ✅ Enum validation (aviation, dev-startup, education, all)
   - ✅ Array validation (min: 1, max: 4)
   - ✅ Error: "At least one newsletter type must be selected"

3. **Token Validation**:
   - ✅ Length validation (exactly 64 characters)
   - ✅ Regex validation (hex-only: /^[a-f0-9]{64}$/i)
   - ✅ Error: "Invalid token format..."

4. **Preference Update**:
   - ✅ Boolean validation for each preference
   - ✅ Custom refinement: at least one preference must be true (line 61-72)
   - ✅ Error: "At least one newsletter must be selected..."

5. **Source Field**:
   - ✅ Optional/nullable
   - ✅ Max length: 50 characters

**Schema Examples**:
```typescript
// validation-schemas.ts
export const SubscribeRequestSchema = z.object({
  email: z.string().email('Invalid email format...'),
  newsletterTypes: z.array(NewsletterTypeSchema).min(1).max(4),
  source: z.string().max(50).optional().nullable(),
})
```

**All Inputs Validated**: ✅ YES (NFR-008 requirement met)

---

## Security Checklist Summary

| Check | Status | NFR |
|-------|--------|-----|
| SQL Injection Protection | ✅ PASS | N/A |
| XSS Protection | ✅ PASS | N/A |
| CSRF Protection | ⚠️ PARTIAL | N/A |
| Rate Limiting | ❌ FAIL | NFR-011 |
| Token Security | ✅ PASS | NFR-007 |
| PII Protection (Email Masking) | ⚠️ PARTIAL | NFR-009 |
| GDPR Compliance | ✅ PASS | NFR-010 |
| Input Validation (Zod) | ✅ PASS | NFR-008 |
| Authentication/Authorization | ✅ PASS | N/A |
| Error Handling | ✅ PASS | N/A |
| Database Security | ✅ PASS | N/A |

---

## Critical Issues

### 1. ❌ Rate Limiting Not Implemented (NFR-011)
**Severity**: HIGH
**Impact**: API abuse, spam, email service exhaustion
**Recommendation**: Implement rate limiting before production deployment
**Blocker**: YES

### 2. ⚠️ PII Masking Incomplete (NFR-009)
**Severity**: MEDIUM
**Impact**: Email exposure in API error logs
**Recommendation**: Add email masking to API route error handlers
**Blocker**: NO (minor issue, low risk)

---

## Recommendations

### Immediate (Pre-Production)
1. **Implement Rate Limiting** (CRITICAL)
   - Use next-rate-limit or custom middleware
   - Apply to all /api/newsletter/* endpoints
   - 5 requests/minute/IP per spec

2. **Enhance PII Masking**
   - Import maskEmail in API routes
   - Wrap error logs to prevent email exposure

### Future Enhancements
1. **Security Headers**
   - Add CSP, X-Frame-Options, X-Content-Type-Options
   - Use Next.js security headers configuration

2. **Audit Logging**
   - Log all signup/unsubscribe events
   - Track IP addresses for abuse monitoring

3. **Honeypot Field**
   - Add hidden field to signup form (spam detection)

---

## Overall Status
⚠️ **CONDITIONAL PASS** - Critical rate limiting issue must be resolved before production

